Performing C SOURCE FILE Test CMAKE_HAVE_LIBC_PTHREAD failed with the following output:
Change Dir: /home/pc-campero2/campero_ws/build/CMakeFiles/CMakeTmp

Run Build Command(s):/usr/bin/make cmTC_afba8/fast && /usr/bin/make -f CMakeFiles/cmTC_afba8.dir/build.make CMakeFiles/cmTC_afba8.dir/build
make[1]: se entra en el directorio '/home/pc-campero2/campero_ws/build/CMakeFiles/CMakeTmp'
Building C object CMakeFiles/cmTC_afba8.dir/src.c.o
/usr/bin/cc   -DCMAKE_HAVE_LIBC_PTHREAD   -o CMakeFiles/cmTC_afba8.dir/src.c.o   -c /home/pc-campero2/campero_ws/build/CMakeFiles/CMakeTmp/src.c
Linking C executable cmTC_afba8
/usr/local/bin/cmake -E cmake_link_script CMakeFiles/cmTC_afba8.dir/link.txt --verbose=1
/usr/bin/cc  -DCMAKE_HAVE_LIBC_PTHREAD    -rdynamic CMakeFiles/cmTC_afba8.dir/src.c.o  -o cmTC_afba8 
CMakeFiles/cmTC_afba8.dir/src.c.o: En la función `main':
src.c:(.text+0x3c): referencia a `pthread_create' sin definir
src.c:(.text+0x48): referencia a `pthread_detach' sin definir
src.c:(.text+0x54): referencia a `pthread_cancel' sin definir
src.c:(.text+0x65): referencia a `pthread_join' sin definir
src.c:(.text+0x79): referencia a `pthread_atfork' sin definir
collect2: error: ld returned 1 exit status
CMakeFiles/cmTC_afba8.dir/build.make:103: fallo en las instrucciones para el objetivo 'cmTC_afba8'
make[1]: *** [cmTC_afba8] Error 1
make[1]: se sale del directorio '/home/pc-campero2/campero_ws/build/CMakeFiles/CMakeTmp'
Makefile:138: fallo en las instrucciones para el objetivo 'cmTC_afba8/fast'
make: *** [cmTC_afba8/fast] Error 2


Source file was:
#include <pthread.h>

void* test_func(void* data)
{
  return data;
}

int main(void)
{
  pthread_t thread;
  pthread_create(&thread, NULL, test_func, NULL);
  pthread_detach(thread);
  pthread_cancel(thread);
  pthread_join(thread, NULL);
  pthread_atfork(NULL, NULL, NULL);
  pthread_exit(NULL);

  return 0;
}

Determining if the function pthread_create exists in the pthreads failed with the following output:
Change Dir: /home/pc-campero2/campero_ws/build/CMakeFiles/CMakeTmp

Run Build Command(s):/usr/bin/make cmTC_f85f0/fast && /usr/bin/make -f CMakeFiles/cmTC_f85f0.dir/build.make CMakeFiles/cmTC_f85f0.dir/build
make[1]: se entra en el directorio '/home/pc-campero2/campero_ws/build/CMakeFiles/CMakeTmp'
Building C object CMakeFiles/cmTC_f85f0.dir/CheckFunctionExists.c.o
/usr/bin/cc   -DCHECK_FUNCTION_EXISTS=pthread_create   -o CMakeFiles/cmTC_f85f0.dir/CheckFunctionExists.c.o   -c /usr/local/share/cmake-3.17/Modules/CheckFunctionExists.c
Linking C executable cmTC_f85f0
/usr/local/bin/cmake -E cmake_link_script CMakeFiles/cmTC_f85f0.dir/link.txt --verbose=1
/usr/bin/cc  -DCHECK_FUNCTION_EXISTS=pthread_create    -rdynamic CMakeFiles/cmTC_f85f0.dir/CheckFunctionExists.c.o  -o cmTC_f85f0  -lpthreads 
/usr/bin/ld: no se puede encontrar -lpthreads
collect2: error: ld returned 1 exit status
CMakeFiles/cmTC_f85f0.dir/build.make:103: fallo en las instrucciones para el objetivo 'cmTC_f85f0'
make[1]: *** [cmTC_f85f0] Error 1
make[1]: se sale del directorio '/home/pc-campero2/campero_ws/build/CMakeFiles/CMakeTmp'
Makefile:138: fallo en las instrucciones para el objetivo 'cmTC_f85f0/fast'
make: *** [cmTC_f85f0/fast] Error 2



